{"level":"error","message":"Email no encontrado","timestamp":"2025-11-15 15:01:44:144"}
{"level":"error","message":"User validation failed: password: Path `password` is required., name: Path `name` is required.","timestamp":"2025-11-15 15:06:59:659"}
{"level":"error","message":"Usuario o contraseña no válido","timestamp":"2025-11-15 15:11:43:1143"}
{"level":"error","message":"Usuario o contraseña no válido","timestamp":"2025-11-15 15:13:59:1359"}
{"level":"error","message":"Usuario o contraseña no válido","timestamp":"2025-11-15 15:15:34:1534"}
{"level":"error","message":"No existe token; No autorizdo","timestamp":"2025-11-15 16:50:50:5050"}
{"expiredAt":"2025-11-16T16:04:00.000Z","level":"error","message":"Error al verificar el token:  jwt expired","name":"TokenExpiredError","stack":"TokenExpiredError: jwt expired\n    at C:\\code\\todoist-lite-back\\node_modules\\jsonwebtoken\\verify.js:190:21\n    at getSecret (C:\\code\\todoist-lite-back\\node_modules\\jsonwebtoken\\verify.js:97:14)\n    at module.exports [as verify] (C:\\code\\todoist-lite-back\\node_modules\\jsonwebtoken\\verify.js:101:10)\n    at verify (C:\\code\\todoist-lite-back\\dist\\utils\\auth.js:44:48)\n    at authenticateToken (C:\\code\\todoist-lite-back\\dist\\middleware\\authenticateToken.middleware.js:17:40)\n    at Layer.handleRequest (C:\\code\\todoist-lite-back\\node_modules\\router\\lib\\layer.js:152:17)\n    at next (C:\\code\\todoist-lite-back\\node_modules\\router\\lib\\route.js:157:13)\n    at Route.dispatch (C:\\code\\todoist-lite-back\\node_modules\\router\\lib\\route.js:117:3)\n    at handle (C:\\code\\todoist-lite-back\\node_modules\\router\\index.js:435:11)\n    at Layer.handleRequest (C:\\code\\todoist-lite-back\\node_modules\\router\\lib\\layer.js:152:17)","timestamp":"2025-11-17 08:37:18:3718"}
{"level":"error","message":"No existe proyecto por defecto para el usuario","timestamp":"2025-11-27 12:30:54:3054"}
{"level":"error","message":"Error al recuperar el proyecto por defecto  No existe proyecto por defecto para el usuario","name":"unexpectedError","stack":"unexpectedError: No existe proyecto por defecto para el usuario\n    at AppError.unexpected (C:\\code\\todoist-lite-back\\dist\\errors\\AppError.js:28:16)\n    at C:\\code\\todoist-lite-back\\dist\\services\\project.service.js:57:38\n    at Generator.next (<anonymous>)\n    at fulfilled (C:\\code\\todoist-lite-back\\dist\\services\\project.service.js:5:58)\n    at process.processTicksAndRejections (node:internal/process/task_queues:105:5)","status":500,"timestamp":"2025-11-27 12:30:54:3054"}
{"level":"error","message":"Error al recuperar el proyecto por defecto","timestamp":"2025-11-27 12:30:54:3054"}
{"0":{"field":"description","message":"\"description\" is not allowed"},"1":{"field":"user","message":"\"user\" is not allowed"},"level":"error","message":"Datos de la tarea no validos ","timestamp":"2025-11-27 15:41:09:419"}
{"0":{"field":"name","message":"El nombre de la tarea es obligatorio"},"1":{"field":"description","message":"\"description\" is not allowed"},"2":{"field":"user","message":"\"user\" is not allowed"},"level":"error","message":"Datos de la tarea no validos ","timestamp":"2025-11-27 15:41:18:4118"}
{"level":"error","message":"Task validation failed: name: Path `name` is required.","timestamp":"2025-11-27 15:41:18:4118"}
{"0":{"field":"name","message":"El nombre de la tarea es obligatorio"},"1":{"field":"description","message":"\"description\" is not allowed"},"2":{"field":"user","message":"\"user\" is not allowed"},"level":"error","message":"Datos de la tarea no validos ","timestamp":"2025-11-27 15:43:36:4336"}
{"level":"error","message":"Task validation failed: name: Path `name` is required.","timestamp":"2025-11-27 15:43:36:4336"}
{"0":{"field":"name","message":"El nombre de la tarea es obligatorio"},"1":{"field":"description","message":"\"description\" is not allowed"},"2":{"field":"user","message":"\"user\" is not allowed"},"level":"error","message":"Datos de la tarea no validos ","timestamp":"2025-11-27 15:51:33:5133"}
{"level":"error","message":"Task validation failed: name: Path `name` is required.","timestamp":"2025-11-27 15:51:33:5133"}
{"0":{"field":"name","message":"El nombre de la tarea es obligatorio"},"1":{"field":"description","message":"\"description\" is not allowed"},"2":{"field":"user","message":"\"user\" is not allowed"},"level":"error","message":"Datos de la tarea no validos ","timestamp":"2025-11-27 15:53:17:5317"}
{"level":"error","message":"Task validation failed: name: Path `name` is required.","timestamp":"2025-11-27 15:53:17:5317"}
{"0":{"field":"name","message":"El nombre de la tarea es obligatorio"},"1":{"field":"description","message":"\"description\" is not allowed"},"2":{"field":"user","message":"\"user\" is not allowed"},"level":"error","message":"Datos de la tarea no validos ","timestamp":"2025-11-27 15:54:50:5450"}
{"level":"error","message":"Task validation failed: name: Path `name` is required.","timestamp":"2025-11-27 15:54:50:5450"}
{"0":{"field":"name","message":"El nombre de la tarea es obligatorio"},"1":{"field":"description","message":"\"description\" is not allowed"},"2":{"field":"user","message":"\"user\" is not allowed"},"level":"error","message":"Datos de la tarea no validos ","timestamp":"2025-11-27 15:56:49:5649"}
{"0":{"field":"name","message":"El nombre de la tarea es obligatorio"},"1":{"field":"user","message":"\"user\" is not allowed"},"level":"error","message":"Datos de la tarea no validos ","timestamp":"2025-11-27 16:04:15:415"}
{"0":{"field":"name","message":"El nombre de la tarea es obligatorio"},"level":"error","message":"Datos de la tarea no validos ","timestamp":"2025-11-27 16:05:54:554"}
{"0":{"field":"description","message":"La descripción de la tarea no pueda estar vacia"},"level":"error","message":"Datos de la tarea no validos ","timestamp":"2025-11-27 16:06:06:66"}
{"0":{"field":"user","message":"\"user\" is not allowed to be empty"},"level":"error","message":"Datos de la tarea no validos ","timestamp":"2025-11-27 16:06:17:617"}
{"0":{"field":"user","message":"El id debe de estar informado"},"level":"error","message":"Datos de la tarea no validos ","timestamp":"2025-11-27 16:07:15:715"}
{"0":{"field":"name","message":"El nombre de la tarea es obligatorio"},"level":"error","message":"Datos de la tarea no validos ","timestamp":"2025-11-27 16:11:29:1129"}
{"0":{"field":"description","message":"La descripción de la tarea no pueda estar vacia"},"level":"error","message":"Datos de la tarea no validos ","timestamp":"2025-11-27 16:11:37:1137"}
{"level":"error","message":"No existe token; No autoriado","timestamp":"2025-11-27 16:22:25:2225"}
{"level":"error","message":"Email no encontrado","timestamp":"2025-11-27 16:24:41:2441"}
{"level":"error","message":"userID no informado","timestamp":"2025-11-27 16:25:19:2519"}
{"level":"error","message":"Error al recuperar el proyecto por defecto  userID no informado","name":"unexpectedError","stack":"unexpectedError: userID no informado\n    at AppError.unexpected (C:\\code\\todoist-lite-back\\dist\\errors\\AppError.js:29:16)\n    at C:\\code\\todoist-lite-back\\dist\\services\\project.service.js:52:38\n    at Generator.next (<anonymous>)\n    at C:\\code\\todoist-lite-back\\dist\\services\\project.service.js:8:71\n    at new Promise (<anonymous>)\n    at __awaiter (C:\\code\\todoist-lite-back\\dist\\services\\project.service.js:4:12)\n    at getDefaultProject (C:\\code\\todoist-lite-back\\dist\\services\\project.service.js:48:39)\n    at C:\\code\\todoist-lite-back\\dist\\services\\task.services.js:43:84\n    at Generator.next (<anonymous>)\n    at C:\\code\\todoist-lite-back\\dist\\services\\task.services.js:8:71","status":500,"timestamp":"2025-11-27 16:25:19:2519"}
{"level":"error","message":"Error al recuperar el proyecto por defecto","timestamp":"2025-11-27 16:25:19:2519"}
{"level":"error","message":"userID no informado","timestamp":"2025-11-27 16:27:23:2723"}
{"level":"error","message":"Error al recuperar el proyecto por defecto  userID no informado","name":"unexpectedError","stack":"unexpectedError: userID no informado\n    at AppError.unexpected (C:\\code\\todoist-lite-back\\dist\\errors\\AppError.js:29:16)\n    at C:\\code\\todoist-lite-back\\dist\\services\\project.service.js:52:38\n    at Generator.next (<anonymous>)\n    at C:\\code\\todoist-lite-back\\dist\\services\\project.service.js:8:71\n    at new Promise (<anonymous>)\n    at __awaiter (C:\\code\\todoist-lite-back\\dist\\services\\project.service.js:4:12)\n    at getDefaultProject (C:\\code\\todoist-lite-back\\dist\\services\\project.service.js:48:39)\n    at C:\\code\\todoist-lite-back\\dist\\services\\task.services.js:43:84\n    at Generator.next (<anonymous>)\n    at C:\\code\\todoist-lite-back\\dist\\services\\task.services.js:8:71","status":500,"timestamp":"2025-11-27 16:27:23:2723"}
{"level":"error","message":"Error al recuperar el proyecto por defecto","timestamp":"2025-11-27 16:27:23:2723"}
